<?xml version="1.0" encoding="UTF-8"?>
<!-- Generated by org.testng.reporters.JUnitXMLReporter -->
<testsuite ignored="2" hostname="Abdelouaheds-MacBook-Pro.local" failures="0" tests="8" name="MyTest" time="10.726" errors="0" timestamp="2023-10-12T14:28:53 GMT-05:00">
  <testcase classname="positiveTests" name="completeCheckout" time="1.958"/>
  <testcase classname="positiveTests" name="addingItemsToCart" time="0.76"/>
  <testcase classname="positiveTests" name="cartSaving" time="0.89"/>
  <testcase classname="negativeTests" name="emptyFirstNameField" time="1.859"/>
  <testcase classname="negativeTests" name="emptyLastNameField" time="0.614"/>
  <testcase classname="negativeTests" name="emptyZipcodeField" time="0.572"/>
  <testcase classname="negativeTests" name="emptyPasswordLogin" time="0.192"/>
  <testcase classname="negativeTests" name="lockedoutUserLogin" time="0.216"/>
  <testcase classname="baseTest.BaseTest" name="@AfterSuite tearDown" time="0.0">
    <ignored/>
  </testcase> <!-- @AfterSuite tearDown -->
  <testcase classname="baseTest.BaseTest" name="@BeforeSuite setupReport" time="0.0">
    <ignored/>
  </testcase> <!-- @BeforeSuite setupReport -->
</testsuite> <!-- MyTest -->
