<?xml version="1.0" encoding="UTF-8"?>
<testng-results ignored="2" total="10" passed="8" failed="0" skipped="0">
  <reporter-output>
  </reporter-output>
  <suite started-at="2023-10-12T14:28:42 GMT-05:00" name="MyTestSuite" finished-at="2023-10-12T14:28:53 GMT-05:00" duration-ms="10726">
    <groups>
    </groups>
    <test started-at="2023-10-12T14:28:42 GMT-05:00" name="MyTest" finished-at="2023-10-12T14:28:53 GMT-05:00" duration-ms="10726">
      <class name="positiveTests">
        <test-method is-config="true" signature="setupReport()[pri:0, instance:positiveTests@2cbb3d47]" started-at="2023-10-12T14:28:42 GMT-05:00" name="setupReport" finished-at="2023-10-12T14:28:42 GMT-05:00" duration-ms="104" status="PASS">
          <reporter-output>
          </reporter-output>
        </test-method> <!-- setupReport -->
        <test-method is-config="true" signature="setupBrowser()[pri:0, instance:positiveTests@2cbb3d47]" started-at="2023-10-12T14:28:44 GMT-05:00" name="setupBrowser" finished-at="2023-10-12T14:28:46 GMT-05:00" duration-ms="1104" status="PASS">
          <reporter-output>
          </reporter-output>
        </test-method> <!-- setupBrowser -->
        <test-method signature="completeCheckout()[pri:1, instance:positiveTests@2cbb3d47]" started-at="2023-10-12T14:28:46 GMT-05:00" name="completeCheckout" finished-at="2023-10-12T14:28:48 GMT-05:00" duration-ms="1958" status="PASS">
          <reporter-output>
          </reporter-output>
        </test-method> <!-- completeCheckout -->
        <test-method is-config="true" signature="getResult(org.testng.ITestResult)[pri:0, instance:positiveTests@2cbb3d47]" started-at="2023-10-12T14:28:48 GMT-05:00" name="getResult" finished-at="2023-10-12T14:28:48 GMT-05:00" duration-ms="3" status="PASS">
          <params>
            <param index="0">
              <value>
                <![CDATA[[TestResult name=completeCheckout status=SUCCESS method=positiveTests.completeCheckout()[pri:1, instance:positiveTests@2cbb3d47] output={null}]]]>
              </value>
            </param>
          </params>
          <reporter-output>
          </reporter-output>
        </test-method> <!-- getResult -->
        <test-method signature="addingItemsToCart()[pri:2, instance:positiveTests@2cbb3d47]" started-at="2023-10-12T14:28:48 GMT-05:00" name="addingItemsToCart" finished-at="2023-10-12T14:28:48 GMT-05:00" duration-ms="760" status="PASS">
          <reporter-output>
          </reporter-output>
        </test-method> <!-- addingItemsToCart -->
        <test-method signature="cartSaving()[pri:3, instance:positiveTests@2cbb3d47]" started-at="2023-10-12T14:28:48 GMT-05:00" name="cartSaving" finished-at="2023-10-12T14:28:49 GMT-05:00" duration-ms="890" status="PASS">
          <reporter-output>
          </reporter-output>
        </test-method> <!-- cartSaving -->
        <test-method is-config="true" signature="getResult(org.testng.ITestResult)[pri:0, instance:positiveTests@2cbb3d47]" started-at="2023-10-12T14:28:48 GMT-05:00" name="getResult" finished-at="2023-10-12T14:28:48 GMT-05:00" duration-ms="0" status="PASS">
          <params>
            <param index="0">
              <value>
                <![CDATA[[TestResult name=addingItemsToCart status=SUCCESS method=positiveTests.addingItemsToCart()[pri:2, instance:positiveTests@2cbb3d47] output={null}]]]>
              </value>
            </param>
          </params>
          <reporter-output>
          </reporter-output>
        </test-method> <!-- getResult -->
        <test-method is-config="true" signature="getResult(org.testng.ITestResult)[pri:0, instance:positiveTests@2cbb3d47]" started-at="2023-10-12T14:28:49 GMT-05:00" name="getResult" finished-at="2023-10-12T14:28:49 GMT-05:00" duration-ms="0" status="PASS">
          <params>
            <param index="0">
              <value>
                <![CDATA[[TestResult name=cartSaving status=SUCCESS method=positiveTests.cartSaving()[pri:3, instance:positiveTests@2cbb3d47] output={null}]]]>
              </value>
            </param>
          </params>
          <reporter-output>
          </reporter-output>
        </test-method> <!-- getResult -->
        <test-method is-config="true" signature="tearDownTest()[pri:0, instance:positiveTests@2cbb3d47]" started-at="2023-10-12T14:28:53 GMT-05:00" name="tearDownTest" finished-at="2023-10-12T14:28:53 GMT-05:00" duration-ms="280" status="PASS">
          <reporter-output>
          </reporter-output>
        </test-method> <!-- tearDownTest -->
        <test-method is-config="true" signature="tearDown()[pri:0, instance:positiveTests@2cbb3d47]" started-at="2023-10-12T14:28:53 GMT-05:00" name="tearDown" finished-at="2023-10-12T14:28:54 GMT-05:00" duration-ms="249" status="PASS">
          <reporter-output>
          </reporter-output>
        </test-method> <!-- tearDown -->
      </class> <!-- positiveTests -->
      <class name="negativeTests">
        <test-method is-config="true" signature="setupBrowser()[pri:0, instance:negativeTests@1d76aeea]" started-at="2023-10-12T14:28:42 GMT-05:00" name="setupBrowser" finished-at="2023-10-12T14:28:44 GMT-05:00" duration-ms="1998" status="PASS">
          <reporter-output>
          </reporter-output>
        </test-method> <!-- setupBrowser -->
        <test-method signature="emptyFirstNameField()[pri:1, instance:negativeTests@1d76aeea]" started-at="2023-10-12T14:28:49 GMT-05:00" name="emptyFirstNameField" finished-at="2023-10-12T14:28:51 GMT-05:00" duration-ms="1859" status="PASS">
          <reporter-output>
          </reporter-output>
        </test-method> <!-- emptyFirstNameField -->
        <test-method is-config="true" signature="getResult(org.testng.ITestResult)[pri:0, instance:negativeTests@1d76aeea]" started-at="2023-10-12T14:28:51 GMT-05:00" name="getResult" finished-at="2023-10-12T14:28:51 GMT-05:00" duration-ms="1" status="PASS">
          <params>
            <param index="0">
              <value>
                <![CDATA[[TestResult name=emptyFirstNameField status=SUCCESS method=negativeTests.emptyFirstNameField()[pri:1, instance:negativeTests@1d76aeea] output={null}]]]>
              </value>
            </param>
          </params>
          <reporter-output>
          </reporter-output>
        </test-method> <!-- getResult -->
        <test-method signature="emptyLastNameField()[pri:2, instance:negativeTests@1d76aeea]" started-at="2023-10-12T14:28:51 GMT-05:00" name="emptyLastNameField" finished-at="2023-10-12T14:28:52 GMT-05:00" duration-ms="614" status="PASS">
          <reporter-output>
          </reporter-output>
        </test-method> <!-- emptyLastNameField -->
        <test-method is-config="true" signature="getResult(org.testng.ITestResult)[pri:0, instance:negativeTests@1d76aeea]" started-at="2023-10-12T14:28:52 GMT-05:00" name="getResult" finished-at="2023-10-12T14:28:52 GMT-05:00" duration-ms="1" status="PASS">
          <params>
            <param index="0">
              <value>
                <![CDATA[[TestResult name=emptyLastNameField status=SUCCESS method=negativeTests.emptyLastNameField()[pri:2, instance:negativeTests@1d76aeea] output={null}]]]>
              </value>
            </param>
          </params>
          <reporter-output>
          </reporter-output>
        </test-method> <!-- getResult -->
        <test-method signature="emptyZipcodeField()[pri:3, instance:negativeTests@1d76aeea]" started-at="2023-10-12T14:28:52 GMT-05:00" name="emptyZipcodeField" finished-at="2023-10-12T14:28:52 GMT-05:00" duration-ms="572" status="PASS">
          <reporter-output>
          </reporter-output>
        </test-method> <!-- emptyZipcodeField -->
        <test-method is-config="true" signature="getResult(org.testng.ITestResult)[pri:0, instance:negativeTests@1d76aeea]" started-at="2023-10-12T14:28:52 GMT-05:00" name="getResult" finished-at="2023-10-12T14:28:52 GMT-05:00" duration-ms="0" status="PASS">
          <params>
            <param index="0">
              <value>
                <![CDATA[[TestResult name=emptyZipcodeField status=SUCCESS method=negativeTests.emptyZipcodeField()[pri:3, instance:negativeTests@1d76aeea] output={null}]]]>
              </value>
            </param>
          </params>
          <reporter-output>
          </reporter-output>
        </test-method> <!-- getResult -->
        <test-method signature="emptyPasswordLogin()[pri:4, instance:negativeTests@1d76aeea]" started-at="2023-10-12T14:28:52 GMT-05:00" name="emptyPasswordLogin" finished-at="2023-10-12T14:28:52 GMT-05:00" duration-ms="192" status="PASS">
          <reporter-output>
          </reporter-output>
        </test-method> <!-- emptyPasswordLogin -->
        <test-method signature="lockedoutUserLogin()[pri:5, instance:negativeTests@1d76aeea]" started-at="2023-10-12T14:28:52 GMT-05:00" name="lockedoutUserLogin" finished-at="2023-10-12T14:28:53 GMT-05:00" duration-ms="216" status="PASS">
          <reporter-output>
          </reporter-output>
        </test-method> <!-- lockedoutUserLogin -->
        <test-method is-config="true" signature="getResult(org.testng.ITestResult)[pri:0, instance:negativeTests@1d76aeea]" started-at="2023-10-12T14:28:52 GMT-05:00" name="getResult" finished-at="2023-10-12T14:28:52 GMT-05:00" duration-ms="0" status="PASS">
          <params>
            <param index="0">
              <value>
                <![CDATA[[TestResult name=emptyPasswordLogin status=SUCCESS method=negativeTests.emptyPasswordLogin()[pri:4, instance:negativeTests@1d76aeea] output={null}]]]>
              </value>
            </param>
          </params>
          <reporter-output>
          </reporter-output>
        </test-method> <!-- getResult -->
        <test-method is-config="true" signature="getResult(org.testng.ITestResult)[pri:0, instance:negativeTests@1d76aeea]" started-at="2023-10-12T14:28:53 GMT-05:00" name="getResult" finished-at="2023-10-12T14:28:53 GMT-05:00" duration-ms="0" status="PASS">
          <params>
            <param index="0">
              <value>
                <![CDATA[[TestResult name=lockedoutUserLogin status=SUCCESS method=negativeTests.lockedoutUserLogin()[pri:5, instance:negativeTests@1d76aeea] output={null}]]]>
              </value>
            </param>
          </params>
          <reporter-output>
          </reporter-output>
        </test-method> <!-- getResult -->
        <test-method is-config="true" signature="tearDownTest()[pri:0, instance:negativeTests@1d76aeea]" started-at="2023-10-12T14:28:53 GMT-05:00" name="tearDownTest" finished-at="2023-10-12T14:28:53 GMT-05:00" duration-ms="258" status="PASS">
          <reporter-output>
          </reporter-output>
        </test-method> <!-- tearDownTest -->
      </class> <!-- negativeTests -->
    </test> <!-- MyTest -->
  </suite> <!-- MyTestSuite -->
</testng-results>
