<?xml version="1.0" encoding="UTF-8"?>
<testsuite xmlns:xsi="http://www.w3.org/2001/XMLSchema-instance" xsi:noNamespaceSchemaLocation="https://maven.apache.org/surefire/maven-surefire-plugin/xsd/surefire-test-report-3.0.xsd" version="3.0" name="TestSuite" time="11.568" tests="8" errors="0" skipped="0" failures="0">
  <properties>
[...]
</properties>
  <testcase name="completeCheckout" classname="positiveTests" time="1.943">
    <system-out><![CDATA[[TestNGContentHandler] [WARN] It is strongly recommended to add "<!DOCTYPE suite SYSTEM "https://testng.org/testng-1.0.dtd" >" at the top of the suite file [/Users/abdelouahedmanaa/saucelab-project/selenium-demo/testng.xml] otherwise TestNG may fail or not work as expected.
*test started:completeCheckout
*test is succesfull:completeCheckout
]]></system-out>
    <system-err><![CDATA[SLF4J: No SLF4J providers were found.
SLF4J: Defaulting to no-operation (NOP) logger implementation
SLF4J: See https://www.slf4j.org/codes.html#noProviders for further details.
Starting ChromeDriver 118.0.5993.70 (e52f33f30b91b4ddfad649acddc39ab570473b86-refs/branch-heads/5993@{#1216}) on port 39694
Only local connections are allowed.
Please see https://chromedriver.chromium.org/security-considerations for suggestions on keeping ChromeDriver safe.
ChromeDriver was started successfully.
Oct 12, 2023 2:28:44 PM org.openqa.selenium.remote.ProtocolHandshake createSession
INFO: Detected dialect: W3C
Starting ChromeDriver 118.0.5993.70 (e52f33f30b91b4ddfad649acddc39ab570473b86-refs/branch-heads/5993@{#1216}) on port 41069
Only local connections are allowed.
Please see https://chromedriver.chromium.org/security-considerations for suggestions on keeping ChromeDriver safe.
ChromeDriver was started successfully.
Oct 12, 2023 2:28:46 PM org.openqa.selenium.remote.ProtocolHandshake createSession
INFO: Detected dialect: W3C
]]></system-err>
  </testcase>
  <testcase name="addingItemsToCart" classname="positiveTests" time="0.759">
    <system-out><![CDATA[*test started:addingItemsToCart
Number of items added is: 6
*test is succesfull:addingItemsToCart
]]></system-out>
  </testcase>
  <testcase name="cartSaving" classname="positiveTests" time="0.889">
    <system-out><![CDATA[*test started:cartSaving
*test is succesfull:cartSaving
]]></system-out>
  </testcase>
  <testcase name="emptyFirstNameField" classname="negativeTests" time="1.859">
    <system-out><![CDATA[*test started:emptyFirstNameField
*test is succesfull:emptyFirstNameField
]]></system-out>
  </testcase>
  <testcase name="emptyLastNameField" classname="negativeTests" time="0.614">
    <system-out><![CDATA[*test started:emptyLastNameField
*test is succesfull:emptyLastNameField
]]></system-out>
  </testcase>
  <testcase name="emptyZipcodeField" classname="negativeTests" time="0.572">
    <system-out><![CDATA[*test started:emptyZipcodeField
*test is succesfull:emptyZipcodeField
]]></system-out>
  </testcase>
  <testcase name="emptyPasswordLogin" classname="negativeTests" time="0.191">
    <system-out><![CDATA[*test started:emptyPasswordLogin
*test is succesfull:emptyPasswordLogin
]]></system-out>
  </testcase>
  <testcase name="lockedoutUserLogin" classname="negativeTests" time="0.216">
    <system-out><![CDATA[*test started:lockedoutUserLogin
*test is succesfull:lockedoutUserLogin
]]></system-out>
  </testcase>
</testsuite>